Using pre-set license
Built from '2020.3/staging' branch; Version is '2020.3.0f1 (c7b5465681fb) revision 13088070'; Using compiler version '192528614'; Build Type 'Release'
OS: 'Windows 10 Pro; OS build 19042.1165; Version 2009; 64bit' Language: 'en' Physical Memory: 8071 MB
BatchMode: 1, IsHumanControllingUs: 0, StartBugReporterOnCrash: 0, Is64bit: 1, IsPro: 0

 COMMAND LINE ARGUMENTS:
C:\Program Files\Unity\Hub\Editor\2020.3.0f1\Editor\Unity.exe
-adb2
-batchMode
-noUpm
-name
AssetImportWorker0
-projectPath
C:/Users/Z/UnityStuff/AI_PvP/AI_PvP
-logFile
Logs/AssetImportWorker0.log
-srvPort
49167
Successfully changed project path to: C:/Users/Z/UnityStuff/AI_PvP/AI_PvP
C:/Users/Z/UnityStuff/AI_PvP/AI_PvP
Using Asset Import Pipeline V2.
Refreshing native plugins compatible for Editor in 40.60 ms, found 1 plugins.
Preloading 0 native plugins for Editor in 0.00 ms.
Initialize engine version: 2020.3.0f1 (c7b5465681fb)
[Subsystems] Discovering subsystems at path C:/Program Files/Unity/Hub/Editor/2020.3.0f1/Editor/Data/Resources/UnitySubsystems
[Subsystems] Discovering subsystems at path C:/Users/Z/UnityStuff/AI_PvP/AI_PvP/Assets
GfxDevice: creating device client; threaded=0
Direct3D:
    Version:  Direct3D 11.0 [level 11.1]
    Renderer: Intel(R) HD Graphics 620 (ID=0x5916)
    Vendor:   
    VRAM:     4035 MB
    Driver:   27.20.100.9171
Initialize mono
Mono path[0] = 'C:/Program Files/Unity/Hub/Editor/2020.3.0f1/Editor/Data/Managed'
Mono path[1] = 'C:/Program Files/Unity/Hub/Editor/2020.3.0f1/Editor/Data/MonoBleedingEdge/lib/mono/unityjit'
Mono config path = 'C:/Program Files/Unity/Hub/Editor/2020.3.0f1/Editor/Data/MonoBleedingEdge/etc'
Using monoOptions --debugger-agent=transport=dt_socket,embedding=1,server=y,suspend=n,address=127.0.0.1:56488
Begin MonoManager ReloadAssembly
Registering precompiled unity dll's ...
Register platform support module: C:/Program Files/Unity/Hub/Editor/2020.3.0f1/Editor/Data/PlaybackEngines/WindowsStandaloneSupport/UnityEditor.WindowsStandalone.Extensions.dll
Registered in 0.002492 seconds.
Native extension for WindowsStandalone target not found
Refreshing native plugins compatible for Editor in 58.37 ms, found 1 plugins.
Preloading 0 native plugins for Editor in 0.00 ms.
Invoked RoslynAnalysisRunner static constructor.
RoslynAnalysisRunner will not be running.
RoslynAnalysisRunner has terminated.
Mono: successfully reloaded assembly
- Completed reload, in  2.811 seconds
Platform modules already initialized, skipping
Registering precompiled user dll's ...
Registered in 0.001074 seconds.
Begin MonoManager ReloadAssembly
Native extension for WindowsStandalone target not found
Refreshing native plugins compatible for Editor in 50.15 ms, found 1 plugins.
Preloading 0 native plugins for Editor in 0.00 ms.
Invoked RoslynAnalysisRunner static constructor.
RoslynAnalysisRunner will not be running.
RoslynAnalysisRunner has terminated.
Mono: successfully reloaded assembly
- Completed reload, in  1.226 seconds
Platform modules already initialized, skipping
========================================================================
Worker process is ready to serve import requests
Launched and connected shader compiler UnityShaderCompiler.exe after 0.07 seconds
Refreshing native plugins compatible for Editor in 0.33 ms, found 1 plugins.
Preloading 0 native plugins for Editor in 0.00 ms.
Unloading 1806 Unused Serialized files (Serialized files now loaded: 0)
System memory in use before: 84.5 MB.
System memory in use after: 84.5 MB.

Unloading 24 unused Assets to reduce memory usage. Loaded Objects now: 2248.
Total: 2.472700 ms (FindLiveObjects: 0.234800 ms CreateObjectMapping: 0.132200 ms MarkObjects: 1.963400 ms  DeleteObjects: 0.140600 ms)

========================================================================
Received Import Request.
  path: Assets
  artifactKey: Guid(00000000000000001000000000000000) Importer(815301076,1909f56bfc062723c751e8b465ee728b)
Start importing Assets using Guid(00000000000000001000000000000000) Importer(815301076,1909f56bfc062723c751e8b465ee728b)  -> (artifact id: '42baae205c97e3337697759514652acd') in 0.014981 seconds
  Import took 0.019229 seconds .

========================================================================
Received Import Request.
  Time since last request: 0.002360 seconds.
  path: Assets/Scenes
  artifactKey: Guid(5aca01ed702a1334aa8298ca7182d455) Importer(815301076,1909f56bfc062723c751e8b465ee728b)
Start importing Assets/Scenes using Guid(5aca01ed702a1334aa8298ca7182d455) Importer(815301076,1909f56bfc062723c751e8b465ee728b)  -> (artifact id: 'd9aa1abf3a09427883df2ff710940d12') in 0.006027 seconds
  Import took 0.011698 seconds .

========================================================================
Received Import Request.
  Time since last request: 0.000379 seconds.
  path: Assets/Scenes/SampleScene.unity
  artifactKey: Guid(2cda990e2423bbf4892e6590ba056729) Importer(815301076,1909f56bfc062723c751e8b465ee728b)
Start importing Assets/Scenes/SampleScene.unity using Guid(2cda990e2423bbf4892e6590ba056729) Importer(815301076,1909f56bfc062723c751e8b465ee728b)  -> (artifact id: '4277dab6a28e8e1d23739f05f438b540') in 0.012492 seconds
  Import took 0.015432 seconds .

========================================================================
Received Import Request.
  Time since last request: 2.538650 seconds.
  path: Assets/Scripts
  artifactKey: Guid(29e8d02ae8dd840459d18fd0b027c207) Importer(815301076,1909f56bfc062723c751e8b465ee728b)
Start importing Assets/Scripts using Guid(29e8d02ae8dd840459d18fd0b027c207) Importer(815301076,1909f56bfc062723c751e8b465ee728b)  -> (artifact id: '7d89e6c104fda3cf1f8c936043e2a078') in 0.013652 seconds
  Import took 0.019043 seconds .

========================================================================
Received Import Request.
  Time since last request: 6.276823 seconds.
  path: Assets/Scripts/Game.cs
  artifactKey: Guid(4196a72232cfd3d4295043972de119c7) Importer(815301076,1909f56bfc062723c751e8b465ee728b)
Start importing Assets/Scripts/Game.cs using Guid(4196a72232cfd3d4295043972de119c7) Importer(815301076,1909f56bfc062723c751e8b465ee728b)  -> (artifact id: 'c3c76b335a31c90004b0fd577df8fc1e') in 0.089423 seconds
  Import took 0.095562 seconds .

========================================================================
Received Prepare
Registering precompiled user dll's ...
Registered in 0.001028 seconds.
Begin MonoManager ReloadAssembly
Native extension for WindowsStandalone target not found
Refreshing native plugins compatible for Editor in 0.34 ms, found 1 plugins.
Preloading 0 native plugins for Editor in 0.00 ms.
Invoked RoslynAnalysisRunner static constructor.
RoslynAnalysisRunner will not be running.
RoslynAnalysisRunner has terminated.
Mono: successfully reloaded assembly
- Completed reload, in  0.993 seconds
Platform modules already initialized, skipping
Refreshing native plugins compatible for Editor in 0.34 ms, found 1 plugins.
Preloading 0 native plugins for Editor in 0.00 ms.
Unloading 1802 Unused Serialized files (Serialized files now loaded: 0)
System memory in use before: 84.5 MB.
System memory in use after: 84.5 MB.

Unloading 12 unused Assets to reduce memory usage. Loaded Objects now: 2253.
Total: 2.170400 ms (FindLiveObjects: 0.267300 ms CreateObjectMapping: 0.097900 ms MarkObjects: 1.690200 ms  DeleteObjects: 0.113500 ms)

========================================================================
Received Import Request.
  Time since last request: 17.300708 seconds.
  path: Assets/Scripts/GameDisplay.cs
  artifactKey: Guid(d2bf474fd1d8b88468cbad26d1502e6e) Importer(815301076,1909f56bfc062723c751e8b465ee728b)
Start importing Assets/Scripts/GameDisplay.cs using Guid(d2bf474fd1d8b88468cbad26d1502e6e) Importer(815301076,1909f56bfc062723c751e8b465ee728b)  -> (artifact id: '388889b0463e57c07063956b17893d48') in 0.026382 seconds
  Import took 0.037442 seconds .

========================================================================
Received Prepare
Registering precompiled user dll's ...
Registered in 0.001291 seconds.
Begin MonoManager ReloadAssembly
Native extension for WindowsStandalone target not found
Refreshing native plugins compatible for Editor in 0.35 ms, found 1 plugins.
Preloading 0 native plugins for Editor in 0.00 ms.
Invoked RoslynAnalysisRunner static constructor.
RoslynAnalysisRunner will not be running.
RoslynAnalysisRunner has terminated.
Mono: successfully reloaded assembly
- Completed reload, in  0.997 seconds
Platform modules already initialized, skipping
Refreshing native plugins compatible for Editor in 0.40 ms, found 1 plugins.
Preloading 0 native plugins for Editor in 0.00 ms.
Unloading 1803 Unused Serialized files (Serialized files now loaded: 0)
System memory in use before: 84.6 MB.
System memory in use after: 84.6 MB.

Unloading 12 unused Assets to reduce memory usage. Loaded Objects now: 2258.
Total: 2.220900 ms (FindLiveObjects: 0.205400 ms CreateObjectMapping: 0.082300 ms MarkObjects: 1.814000 ms  DeleteObjects: 0.117500 ms)

========================================================================
Received Prepare
Registering precompiled user dll's ...
Registered in 0.001217 seconds.
Begin MonoManager ReloadAssembly
Native extension for WindowsStandalone target not found
Refreshing native plugins compatible for Editor in 0.35 ms, found 1 plugins.
Preloading 0 native plugins for Editor in 0.00 ms.
Invoked RoslynAnalysisRunner static constructor.
RoslynAnalysisRunner will not be running.
RoslynAnalysisRunner has terminated.
Mono: successfully reloaded assembly
- Completed reload, in  1.021 seconds
Platform modules already initialized, skipping
Refreshing native plugins compatible for Editor in 0.38 ms, found 1 plugins.
Preloading 0 native plugins for Editor in 0.00 ms.
Unloading 1803 Unused Serialized files (Serialized files now loaded: 0)
System memory in use before: 84.6 MB.
System memory in use after: 84.6 MB.

Unloading 12 unused Assets to reduce memory usage. Loaded Objects now: 2262.
Total: 2.214300 ms (FindLiveObjects: 0.198600 ms CreateObjectMapping: 0.107300 ms MarkObjects: 1.788800 ms  DeleteObjects: 0.118000 ms)

========================================================================
Received Import Request.
  Time since last request: 159.898620 seconds.
  path: Assets/Scripts/Game.cs
  artifactKey: Guid(4196a72232cfd3d4295043972de119c7) Importer(815301076,1909f56bfc062723c751e8b465ee728b)
Start importing Assets/Scripts/Game.cs using Guid(4196a72232cfd3d4295043972de119c7) Importer(815301076,1909f56bfc062723c751e8b465ee728b)  -> (artifact id: '5ec244b2baeaabb5d474ac121ddf1a8d') in 0.005916 seconds
  Import took 0.010022 seconds .

========================================================================
Received Prepare
Registering precompiled user dll's ...
Registered in 0.001729 seconds.
Begin MonoManager ReloadAssembly
Native extension for WindowsStandalone target not found
Refreshing native plugins compatible for Editor in 0.36 ms, found 1 plugins.
Preloading 0 native plugins for Editor in 0.00 ms.
Invoked RoslynAnalysisRunner static constructor.
RoslynAnalysisRunner will not be running.
RoslynAnalysisRunner has terminated.
Mono: successfully reloaded assembly
- Completed reload, in  1.019 seconds
Platform modules already initialized, skipping
Refreshing native plugins compatible for Editor in 0.35 ms, found 1 plugins.
Preloading 0 native plugins for Editor in 0.00 ms.
Unloading 1803 Unused Serialized files (Serialized files now loaded: 0)
System memory in use before: 84.6 MB.
System memory in use after: 84.6 MB.

Unloading 12 unused Assets to reduce memory usage. Loaded Objects now: 2266.
Total: 2.742800 ms (FindLiveObjects: 0.462600 ms CreateObjectMapping: 0.136200 ms MarkObjects: 2.023700 ms  DeleteObjects: 0.118200 ms)

========================================================================
Received Import Request.
  Time since last request: 50.727277 seconds.
  path: Assets/Scripts/Game.cs
  artifactKey: Guid(4196a72232cfd3d4295043972de119c7) Importer(815301076,1909f56bfc062723c751e8b465ee728b)
Start importing Assets/Scripts/Game.cs using Guid(4196a72232cfd3d4295043972de119c7) Importer(815301076,1909f56bfc062723c751e8b465ee728b)  -> (artifact id: '6ac22a3544310569fc9dda12d5070c31') in 0.006415 seconds
  Import took 0.014462 seconds .

========================================================================
Received Import Request.
  Time since last request: 4.933884 seconds.
  path: Assets/Scripts/GenericPlayer.cs
  artifactKey: Guid(815f97c2bd450f040adf1cdcc1b1eb3b) Importer(815301076,1909f56bfc062723c751e8b465ee728b)
Start importing Assets/Scripts/GenericPlayer.cs using Guid(815f97c2bd450f040adf1cdcc1b1eb3b) Importer(815301076,1909f56bfc062723c751e8b465ee728b)  -> (artifact id: '286e22e6bb1a185f7fcfcb90ec24dc7c') in 0.034282 seconds
  Import took 0.062601 seconds .

========================================================================
Received Prepare
Registering precompiled user dll's ...
Registered in 0.001888 seconds.
Begin MonoManager ReloadAssembly
Native extension for WindowsStandalone target not found
Refreshing native plugins compatible for Editor in 0.35 ms, found 1 plugins.
Preloading 0 native plugins for Editor in 0.00 ms.
Invoked RoslynAnalysisRunner static constructor.
RoslynAnalysisRunner will not be running.
RoslynAnalysisRunner has terminated.
Mono: successfully reloaded assembly
- Completed reload, in  1.170 seconds
Platform modules already initialized, skipping
Refreshing native plugins compatible for Editor in 0.36 ms, found 1 plugins.
Preloading 0 native plugins for Editor in 0.00 ms.
Unloading 1804 Unused Serialized files (Serialized files now loaded: 0)
System memory in use before: 84.6 MB.
System memory in use after: 84.6 MB.

Unloading 12 unused Assets to reduce memory usage. Loaded Objects now: 2271.
Total: 3.491100 ms (FindLiveObjects: 1.140300 ms CreateObjectMapping: 0.165400 ms MarkObjects: 2.039800 ms  DeleteObjects: 0.137300 ms)

========================================================================
Received Import Request.
  Time since last request: 13.429611 seconds.
  path: Assets/Scripts/AIPlayer.cs
  artifactKey: Guid(2dbf4f10831eb884e8ed41432098bc32) Importer(815301076,1909f56bfc062723c751e8b465ee728b)
Start importing Assets/Scripts/AIPlayer.cs using Guid(2dbf4f10831eb884e8ed41432098bc32) Importer(815301076,1909f56bfc062723c751e8b465ee728b)  -> (artifact id: '50633b6e6a3e761f3135a3cbeaf54321') in 0.026324 seconds
  Import took 0.036747 seconds .

========================================================================
Received Prepare
Registering precompiled user dll's ...
Registered in 0.001327 seconds.
Begin MonoManager ReloadAssembly
Native extension for WindowsStandalone target not found
Refreshing native plugins compatible for Editor in 0.34 ms, found 1 plugins.
Preloading 0 native plugins for Editor in 0.00 ms.
Invoked RoslynAnalysisRunner static constructor.
RoslynAnalysisRunner will not be running.
RoslynAnalysisRunner has terminated.
Mono: successfully reloaded assembly
- Completed reload, in  1.089 seconds
Platform modules already initialized, skipping
Refreshing native plugins compatible for Editor in 0.36 ms, found 1 plugins.
Preloading 0 native plugins for Editor in 0.00 ms.
Unloading 1805 Unused Serialized files (Serialized files now loaded: 0)
System memory in use before: 84.7 MB.
System memory in use after: 84.7 MB.

Unloading 12 unused Assets to reduce memory usage. Loaded Objects now: 2276.
Total: 3.607900 ms (FindLiveObjects: 0.306900 ms CreateObjectMapping: 0.137100 ms MarkObjects: 3.036200 ms  DeleteObjects: 0.125800 ms)

========================================================================
Received Import Request.
  Time since last request: 9.447472 seconds.
  path: Assets/Scripts/HumanPlayer.cs
  artifactKey: Guid(055451ce3ed7d7d459cb8871cf1ef62f) Importer(815301076,1909f56bfc062723c751e8b465ee728b)
Start importing Assets/Scripts/HumanPlayer.cs using Guid(055451ce3ed7d7d459cb8871cf1ef62f) Importer(815301076,1909f56bfc062723c751e8b465ee728b)  -> (artifact id: '92a91ceedbae0835152b7f0b8eb51631') in 0.029857 seconds
  Import took 0.037074 seconds .

========================================================================
Received Prepare
Registering precompiled user dll's ...
Registered in 0.001053 seconds.
Begin MonoManager ReloadAssembly
Native extension for WindowsStandalone target not found
Refreshing native plugins compatible for Editor in 0.39 ms, found 1 plugins.
Preloading 0 native plugins for Editor in 0.00 ms.
Invoked RoslynAnalysisRunner static constructor.
RoslynAnalysisRunner will not be running.
RoslynAnalysisRunner has terminated.
Mono: successfully reloaded assembly
- Completed reload, in  1.005 seconds
Platform modules already initialized, skipping
Refreshing native plugins compatible for Editor in 0.35 ms, found 1 plugins.
Preloading 0 native plugins for Editor in 0.00 ms.
Unloading 1806 Unused Serialized files (Serialized files now loaded: 0)
System memory in use before: 84.7 MB.
System memory in use after: 84.7 MB.

Unloading 12 unused Assets to reduce memory usage. Loaded Objects now: 2281.
Total: 2.645400 ms (FindLiveObjects: 0.372200 ms CreateObjectMapping: 0.213300 ms MarkObjects: 1.929600 ms  DeleteObjects: 0.128300 ms)

========================================================================
Received Import Request.
  Time since last request: 11617.139866 seconds.
  path: Assets/Scripts/HumanPlayer.cs
  artifactKey: Guid(055451ce3ed7d7d459cb8871cf1ef62f) Importer(815301076,1909f56bfc062723c751e8b465ee728b)
Start importing Assets/Scripts/HumanPlayer.cs using Guid(055451ce3ed7d7d459cb8871cf1ef62f) Importer(815301076,1909f56bfc062723c751e8b465ee728b)  -> (artifact id: '6698dc4b29b52f7b94e04722cd9acba8') in 0.090492 seconds
  Import took 0.189038 seconds .

========================================================================
Received Prepare
Registering precompiled user dll's ...
Registered in 0.002374 seconds.
Begin MonoManager ReloadAssembly
Native extension for WindowsStandalone target not found
Refreshing native plugins compatible for Editor in 1.77 ms, found 1 plugins.
Preloading 0 native plugins for Editor in 0.00 ms.
Invoked RoslynAnalysisRunner static constructor.
RoslynAnalysisRunner will not be running.
RoslynAnalysisRunner has terminated.
Mono: successfully reloaded assembly
- Completed reload, in  2.130 seconds
Platform modules already initialized, skipping
Refreshing native plugins compatible for Editor in 0.60 ms, found 1 plugins.
Preloading 0 native plugins for Editor in 0.00 ms.
Unloading 1806 Unused Serialized files (Serialized files now loaded: 0)
System memory in use before: 84.7 MB.
System memory in use after: 84.7 MB.

Unloading 12 unused Assets to reduce memory usage. Loaded Objects now: 2285.
Total: 6.424800 ms (FindLiveObjects: 0.511500 ms CreateObjectMapping: 0.126100 ms MarkObjects: 5.356400 ms  DeleteObjects: 0.427400 ms)

========================================================================
Received Import Request.
  Time since last request: 69998.740160 seconds.
  path: Assets/Scripts/HumanPlayer.cs
  artifactKey: Guid(055451ce3ed7d7d459cb8871cf1ef62f) Importer(815301076,1909f56bfc062723c751e8b465ee728b)
Start importing Assets/Scripts/HumanPlayer.cs using Guid(055451ce3ed7d7d459cb8871cf1ef62f) Importer(815301076,1909f56bfc062723c751e8b465ee728b)  -> (artifact id: '14543b60ef5cc152d6af7fe55063d7d5') in 0.014605 seconds
  Import took 0.023569 seconds .

AssetImportWorkerClient::OnTransportError - code=2 error=End of file
